2025-09-15 16:21:26,543 - __main__ - ERROR - Reddit API credentials not configured. Please set REDDIT_CLIENT_ID and REDDIT_CLIENT_SECRET
2025-09-15 16:33:41,378 - __main__ - INFO - StockMentions Reddit Collector starting...
2025-09-15 16:33:41,598 - __main__ - INFO - Reddit API connection established
2025-09-15 16:33:41,675 - database - INFO - Database connection pool created successfully
2025-09-15 16:33:41,711 - __main__ - INFO - Database connection established
2025-09-15 16:33:41,712 - __main__ - INFO - --- Cycle 1 ---
2025-09-15 16:33:41,712 - __main__ - INFO - Starting collection cycle...
2025-09-15 16:33:41,712 - __main__ - INFO - Processing r/stocks...
2025-09-15 16:33:48,933 - __main__ - INFO - DD detected: How do I (27M) convince my dad (68M) to stop gambl... (score: 7)
2025-09-15 16:33:52,940 - __main__ - INFO - DD detected: LENZ Therapeutics - A high risk, high reward biote... (score: 12)
2025-09-15 16:34:22,974 - __main__ - INFO - DD detected: Why Par Technology Corp is a LT Buy.... (score: 7)
2025-09-15 16:34:24,977 - __main__ - INFO - DD detected: Hennessy funds recommends these top 3 small caps t... (score: 7)
2025-09-15 16:34:34,986 - __main__ - INFO - DD detected: Duolingo valuation.... (score: 12)
2025-09-15 16:35:05,015 - __main__ - INFO - DD detected: Why I’m selling $RDDT even though I think it has g... (score: 11)
2025-09-15 16:35:25,038 - __main__ - INFO - DD detected: Follow-up: Why flu vaccine economics shouldn’t app... (score: 7)
2025-09-15 16:35:43,061 - __main__ - INFO - DD detected: (09/12) Interesting Stocks Today- An AI for an AI ... (score: 6)
2025-09-15 16:35:49,068 - __main__ - INFO - DD detected: r/Stocks Daily Discussion & Fundamentals Friday Se... (score: 9)
2025-09-15 16:36:05,089 - __main__ - INFO - DD detected: Is it ok to post short biased valuation analysis i... (score: 10)
2025-09-15 16:36:21,106 - __main__ - INFO - DD detected: r/Stocks Daily Discussion & Options Trading Thursd... (score: 7)
2025-09-15 16:36:25,116 - __main__ - INFO - DD detected: $BYRN DD: It's Mispriced, and I think it'll pop by... (score: 20)
2025-09-15 16:36:29,596 - __main__ - INFO - DD detected: $SOUN, $OPEN, $RR... (score: 7)
2025-09-15 16:36:39,630 - __main__ - INFO - DD detected: CDTX – Is their CD388 “universal flu prophylaxis” ... (score: 10)
2025-09-15 16:36:55,653 - __main__ - INFO - DD detected: Oracle stock booms 30%, on pace for best day since... (score: 6)
2025-09-15 16:36:57,662 - __main__ - INFO - DD detected: Broadcom Cements Its AI Credentials... (score: 12)
2025-09-15 16:40:33,740 - __main__ - INFO - Received signal 2
2025-09-15 16:40:33,740 - __main__ - INFO - Stop signal received
2025-09-15 16:40:36,233 - __main__ - INFO - Received signal 2
2025-09-15 16:40:36,234 - __main__ - INFO - Stop signal received
2025-09-15 16:53:50,048 - database - INFO - Inserted 462 new mentions out of 462 attempted
2025-09-15 16:53:50,050 - __main__ - INFO - stocks: Inserted 462 mentions
2025-09-15 16:53:50,058 - database - INFO - Inserted DD post: How do I (27M) convince my dad (68M) to stop gambl...
2025-09-15 16:53:50,062 - database - INFO - Inserted DD post: LENZ Therapeutics - A high risk, high reward biote...
2025-09-15 16:53:50,064 - database - INFO - Inserted DD post: Why Par Technology Corp is a LT Buy....
2025-09-15 16:53:50,065 - database - INFO - Inserted DD post: Hennessy funds recommends these top 3 small caps t...
2025-09-15 16:53:50,066 - database - INFO - Inserted DD post: Duolingo valuation....
2025-09-15 16:53:50,067 - database - INFO - Inserted DD post: Why I’m selling $RDDT even though I think it has g...
2025-09-15 16:53:50,068 - database - INFO - Inserted DD post: Follow-up: Why flu vaccine economics shouldn’t app...
2025-09-15 16:53:50,069 - database - INFO - Inserted DD post: (09/12) Interesting Stocks Today- An AI for an AI ...
2025-09-15 16:53:50,074 - database - INFO - Inserted DD post: r/Stocks Daily Discussion & Fundamentals Friday Se...
2025-09-15 16:53:50,075 - database - INFO - Inserted DD post: Is it ok to post short biased valuation analysis i...
2025-09-15 16:53:50,076 - database - INFO - Inserted DD post: r/Stocks Daily Discussion & Options Trading Thursd...
2025-09-15 16:53:50,079 - database - INFO - Inserted DD post: $BYRN DD: It's Mispriced, and I think it'll pop by...
2025-09-15 16:53:50,080 - database - INFO - Inserted DD post: $SOUN, $OPEN, $RR...
2025-09-15 16:53:50,082 - database - INFO - Inserted DD post: CDTX – Is their CD388 “universal flu prophylaxis” ...
2025-09-15 16:53:50,083 - database - INFO - Inserted DD post: Oracle stock booms 30%, on pace for best day since...
2025-09-15 16:53:50,084 - database - INFO - Inserted DD post: Broadcom Cements Its AI Credentials...
2025-09-15 16:53:50,087 - __main__ - INFO - r/stocks completed: 100 posts, 500 comments, 462 mentions, 16 DD posts
2025-09-15 16:53:50,087 - __main__ - INFO - Processing r/investing...
2025-09-15 16:54:11,286 - __main__ - INFO - DD detected: LENZ Therapeutics - A high risk high reward biotec... (score: 14)
2025-09-15 16:54:13,287 - __main__ - INFO - DD detected: How are people modeling inflation’s impact on util... (score: 9)
2025-09-15 16:54:31,309 - __main__ - INFO - DD detected: Quick Take Sept 15 Markets: Fed Cut Imminent, Chin... (score: 10)
2025-09-15 16:54:33,315 - __main__ - INFO - DD detected: What are the best sectors to invest in in 2025?... (score: 8)
2025-09-15 16:54:35,317 - __main__ - INFO - DD detected: Daily General Discussion and Advice Thread - Septe... (score: 8)
2025-09-15 16:54:43,327 - __main__ - INFO - DD detected: Housing Market to Crash?  …It’s Complicated.... (score: 8)
2025-09-15 16:54:49,334 - __main__ - INFO - DD detected: United Parcel Service (UPS). Long term play.... (score: 8)
2025-09-15 16:55:03,349 - __main__ - INFO - DD detected: Daily General Discussion and Advice Thread - Septe... (score: 8)
2025-09-15 16:55:23,502 - __main__ - INFO - DD detected: How do you research a stock?... (score: 8)
2025-09-15 16:55:27,511 - __main__ - INFO - DD detected: Trying to understand Li Auto stock (why it hasn't ... (score: 7)
2025-09-15 16:55:31,515 - __main__ - INFO - DD detected: Where could I backtest my hypothesis on a longer t... (score: 6)
2025-09-15 16:55:53,535 - __main__ - INFO - DD detected: Daily General Discussion and Advice Thread - Septe... (score: 8)
2025-09-15 16:55:55,539 - __main__ - INFO - DD detected: Value play ATCH in financial infrastructure... (score: 13)
2025-09-15 16:56:03,560 - __main__ - INFO - DD detected: Stocks at a discount, with strong financials... (score: 6)
2025-09-15 16:56:23,583 - __main__ - INFO - DD detected: Now days do people pick stocks/ETFs/MF based on fu... (score: 8)
2025-09-15 16:56:33,594 - __main__ - INFO - DD detected: Is Oracle just SoftBank wearing a mask?... (score: 6)
2025-09-15 16:56:43,609 - __main__ - INFO - DD detected: Daily General Discussion and Advice Thread - Septe... (score: 8)
2025-09-15 17:26:16,409 - __main__ - INFO - StockMentions Reddit Collector starting...
2025-09-15 17:26:16,410 - __main__ - INFO - Reddit API connection established
2025-09-15 17:26:16,473 - database - INFO - Database connection pool created successfully
2025-09-15 17:26:16,493 - __main__ - INFO - Database connection established
2025-09-15 17:26:16,493 - __main__ - INFO - --- Cycle 1 ---
2025-09-15 17:26:16,493 - __main__ - INFO - Starting collection cycle...
2025-09-15 17:26:16,493 - __main__ - INFO - Processing r/stocks...
2025-09-15 17:43:40,121 - database - INFO - Inserted 38 new mentions out of 280 attempted
2025-09-15 17:43:40,124 - __main__ - INFO - stocks: Inserted 38 mentions
2025-09-15 17:43:40,126 - __main__ - INFO - r/stocks completed: 18 posts, 500 comments, 280 mentions, 0 DD posts
2025-09-15 17:43:40,126 - __main__ - INFO - Processing r/investing...
2025-09-15 17:43:43,209 - __main__ - INFO - DD detected: Arguments for and against international diversific... (score: 8)
2025-09-15 17:44:05,241 - __main__ - INFO - DD detected: LENZ Therapeutics - A high risk high reward biotec... (score: 14)
2025-09-15 17:44:07,244 - __main__ - INFO - DD detected: How are people modeling inflation’s impact on util... (score: 9)
2025-09-15 17:44:25,269 - __main__ - INFO - DD detected: Quick Take Sept 15 Markets: Fed Cut Imminent, Chin... (score: 10)
2025-09-15 17:44:27,273 - __main__ - INFO - DD detected: What are the best sectors to invest in in 2025?... (score: 8)
2025-09-15 17:44:29,277 - __main__ - INFO - DD detected: Daily General Discussion and Advice Thread - Septe... (score: 8)
2025-09-15 17:44:37,317 - __main__ - INFO - DD detected: Housing Market to Crash?  …It’s Complicated.... (score: 8)
2025-09-15 17:44:43,327 - __main__ - INFO - DD detected: United Parcel Service (UPS). Long term play.... (score: 8)
2025-09-15 17:44:57,347 - __main__ - INFO - DD detected: Daily General Discussion and Advice Thread - Septe... (score: 8)
2025-09-15 17:45:17,371 - __main__ - INFO - DD detected: How do you research a stock?... (score: 8)
2025-09-15 17:45:21,382 - __main__ - INFO - DD detected: Trying to understand Li Auto stock (why it hasn't ... (score: 7)
2025-09-15 17:45:25,389 - __main__ - INFO - DD detected: Where could I backtest my hypothesis on a longer t... (score: 6)
2025-09-15 17:45:47,421 - __main__ - INFO - DD detected: Daily General Discussion and Advice Thread - Septe... (score: 8)
2025-09-15 17:45:49,425 - __main__ - INFO - DD detected: Value play ATCH in financial infrastructure... (score: 13)
2025-09-15 17:45:57,436 - __main__ - INFO - DD detected: Stocks at a discount, with strong financials... (score: 6)
2025-09-15 17:46:17,462 - __main__ - INFO - DD detected: Now days do people pick stocks/ETFs/MF based on fu... (score: 8)
2025-09-15 17:46:27,475 - __main__ - INFO - DD detected: Is Oracle just SoftBank wearing a mask?... (score: 6)
2025-09-15 17:46:37,487 - __main__ - INFO - DD detected: Daily General Discussion and Advice Thread - Septe... (score: 8)
2025-09-15 18:03:46,998 - database - INFO - Inserted 393 new mentions out of 393 attempted
2025-09-15 18:03:47,000 - __main__ - INFO - investing: Inserted 393 mentions
2025-09-15 18:03:47,006 - database - INFO - Inserted DD post: Arguments for and against international diversific...
2025-09-15 18:03:47,009 - database - INFO - Inserted DD post: LENZ Therapeutics - A high risk high reward biotec...
2025-09-15 18:03:47,011 - database - INFO - Inserted DD post: How are people modeling inflation’s impact on util...
2025-09-15 18:03:47,012 - database - INFO - Inserted DD post: Quick Take Sept 15 Markets: Fed Cut Imminent, Chin...
2025-09-15 18:03:47,014 - database - INFO - Inserted DD post: What are the best sectors to invest in in 2025?...
2025-09-15 18:03:47,016 - database - INFO - Inserted DD post: Daily General Discussion and Advice Thread - Septe...
2025-09-15 18:03:47,017 - database - INFO - Inserted DD post: Housing Market to Crash?  …It’s Complicated....
2025-09-15 18:03:47,018 - database - INFO - Inserted DD post: United Parcel Service (UPS). Long term play....
2025-09-15 18:03:47,018 - database - INFO - Inserted DD post: Daily General Discussion and Advice Thread - Septe...
2025-09-15 18:03:47,019 - database - INFO - Inserted DD post: How do you research a stock?...
2025-09-15 18:03:47,020 - database - INFO - Inserted DD post: Trying to understand Li Auto stock (why it hasn't ...
2025-09-15 18:03:47,021 - database - INFO - Inserted DD post: Where could I backtest my hypothesis on a longer t...
2025-09-15 18:03:47,022 - database - INFO - Inserted DD post: Daily General Discussion and Advice Thread - Septe...
2025-09-15 18:03:47,023 - database - INFO - Inserted DD post: Value play ATCH in financial infrastructure...
2025-09-15 18:03:47,024 - database - INFO - Inserted DD post: Stocks at a discount, with strong financials...
2025-09-15 18:03:47,025 - database - INFO - Inserted DD post: Now days do people pick stocks/ETFs/MF based on fu...
2025-09-15 18:03:47,026 - database - INFO - Inserted DD post: Is Oracle just SoftBank wearing a mask?...
2025-09-15 18:03:47,027 - database - INFO - Inserted DD post: Daily General Discussion and Advice Thread - Septe...
2025-09-15 18:03:47,031 - __main__ - INFO - r/investing completed: 100 posts, 500 comments, 393 mentions, 18 DD posts
2025-09-15 18:03:47,031 - __main__ - INFO - Processing r/SecurityAnalysis...
2025-09-15 18:03:59,902 - __main__ - INFO - DD detected: Globant: Deep Dive ($GLOB)... (score: 20)
2025-09-15 18:04:27,945 - __main__ - INFO - DD detected: LandBridge ($LB) short report: Stress testing Goth... (score: 24)
2025-09-15 18:04:29,950 - __main__ - INFO - DD detected: Salmon industry analysis... (score: 18)
2025-09-15 18:04:39,978 - __main__ - INFO - DD detected: Q2 2025 Letters & Reports... (score: 14)
2025-09-15 18:04:41,983 - __main__ - INFO - DD detected: UPDATE: FONAR (FONR) receives Management Buyout Of... (score: 12)
2025-09-15 18:04:51,992 - __main__ - INFO - DD detected: Possible bargain?... (score: 8)
2025-09-15 18:05:06,020 - __main__ - INFO - DD detected: Learnings from Early Buffett: Commonwealth Trust, ... (score: 8)
2025-09-15 18:05:16,031 - __main__ - INFO - DD detected: Looking for standout Value Investors Club (VIC) in... (score: 8)
2025-09-15 18:05:18,042 - __main__ - INFO - DD detected: 2 investment ideas from Columbia Business School’s... (score: 22)
2025-09-15 18:05:32,061 - __main__ - INFO - DD detected: Stride Inc. (LRN): A Cash-Flowing Compounder Hidin... (score: 28)
2025-09-15 18:05:34,064 - __main__ - INFO - DD detected: 2x FCF, 5% of NAV: Hong Kong Hotel & Office Owner ... (score: 18)
2025-09-15 18:05:42,084 - __main__ - INFO - DD detected: Societe Bic... (score: 28)
2025-09-15 18:05:46,098 - __main__ - INFO - DD detected: Why the European Stock Market Deserves a Closer Lo... (score: 8)
2025-09-15 18:05:50,106 - __main__ - INFO - DD detected: 🚀Inside Chris Hohn’s TCI: Lessons from an 18% Comp... (score: 16)
2025-09-15 18:06:02,124 - __main__ - INFO - DD detected: Revisiting Hostelworld $HSW.LN... (score: 12)
2025-09-15 18:06:22,151 - __main__ - INFO - DD detected: Why Industry Maps Matter 🗺️ A Closer Look at Gamin... (score: 22)
2025-09-15 18:06:30,161 - __main__ - INFO - DD detected: Check out my deep dive on HEICO $HEI $HEI.A... (score: 10)
2025-09-15 18:06:44,180 - __main__ - INFO - DD detected: My deep dive analysis on Kingstone Companies (KINS... (score: 28)
2025-09-15 18:06:46,183 - __main__ - INFO - DD detected: Adobe - ADBE... (score: 22)
2025-09-15 18:07:04,205 - __main__ - INFO - DD detected: TSM: My Highest Conviction Buy — Despite the Tarif... (score: 8)
2025-09-15 18:23:55,226 - database - INFO - Inserted 386 new mentions out of 386 attempted
2025-09-15 18:23:55,228 - __main__ - INFO - SecurityAnalysis: Inserted 386 mentions
2025-09-15 18:23:55,231 - database - INFO - Inserted DD post: Globant: Deep Dive ($GLOB)...
2025-09-15 18:23:55,233 - database - INFO - Inserted DD post: LandBridge ($LB) short report: Stress testing Goth...
2025-09-15 18:23:55,233 - database - INFO - Inserted DD post: Salmon industry analysis...
2025-09-15 18:23:55,236 - database - INFO - Inserted DD post: Q2 2025 Letters & Reports...
2025-09-15 18:23:55,237 - database - INFO - Inserted DD post: UPDATE: FONAR (FONR) receives Management Buyout Of...
2025-09-15 18:23:55,238 - database - INFO - Inserted DD post: Possible bargain?...
2025-09-15 18:23:55,239 - database - INFO - Inserted DD post: Learnings from Early Buffett: Commonwealth Trust, ...
2025-09-15 18:23:55,240 - database - INFO - Inserted DD post: Looking for standout Value Investors Club (VIC) in...
2025-09-15 18:23:55,240 - database - INFO - Inserted DD post: 2 investment ideas from Columbia Business School’s...
2025-09-15 18:23:55,241 - database - INFO - Inserted DD post: Stride Inc. (LRN): A Cash-Flowing Compounder Hidin...
2025-09-15 18:23:55,243 - database - INFO - Inserted DD post: 2x FCF, 5% of NAV: Hong Kong Hotel & Office Owner ...
2025-09-15 18:23:55,244 - database - INFO - Inserted DD post: Societe Bic...
2025-09-15 18:23:55,244 - database - INFO - Inserted DD post: Why the European Stock Market Deserves a Closer Lo...
2025-09-15 18:23:55,245 - database - INFO - Inserted DD post: 🚀Inside Chris Hohn’s TCI: Lessons from an 18% Comp...
2025-09-15 18:23:55,246 - database - INFO - Inserted DD post: Revisiting Hostelworld $HSW.LN...
2025-09-15 18:23:55,247 - database - INFO - Inserted DD post: Why Industry Maps Matter 🗺️ A Closer Look at Gamin...
2025-09-15 18:23:55,247 - database - INFO - Inserted DD post: Check out my deep dive on HEICO $HEI $HEI.A...
2025-09-15 18:23:55,248 - database - INFO - Inserted DD post: My deep dive analysis on Kingstone Companies (KINS...
2025-09-15 18:23:55,249 - database - INFO - Inserted DD post: Adobe - ADBE...
2025-09-15 18:23:55,250 - database - INFO - Inserted DD post: TSM: My Highest Conviction Buy — Despite the Tarif...
2025-09-15 18:23:55,252 - __main__ - INFO - r/SecurityAnalysis completed: 100 posts, 500 comments, 386 mentions, 20 DD posts
2025-09-15 18:23:55,252 - __main__ - INFO - Processing r/pennystocks...
2025-09-15 18:24:40,777 - __main__ - INFO - DD detected: MVST: Bulls are in control this week... (score: 7)
2025-09-15 18:24:46,795 - __main__ - INFO - DD detected: 🔥 $ATCH is heating up BIG TIME 🔥... (score: 7)
2025-09-15 18:24:50,811 - __main__ - INFO - DD detected: Why $SPRO Might Be One of the Safest Undervalued B... (score: 8)
2025-09-15 18:25:12,849 - __main__ - INFO - DD detected: $MYO poised for a strong recovery... (score: 8)
2025-09-15 18:25:38,888 - __main__ - INFO - DD detected: AtlasClear ($ATCH) — Breaking Down Subsidiary Prof... (score: 13)
2025-09-15 18:25:52,916 - __main__ - INFO - DD detected: New High Tide inc analyst and report with Buy Rati... (score: 12)
2025-09-15 18:26:04,937 - __main__ - INFO - DD detected: Why is no one talking about $GOSS?... (score: 8)
2025-09-15 18:26:06,942 - __main__ - INFO - DD detected: Nvni breakout... (score: 8)
2025-09-15 18:26:08,948 - __main__ - INFO - DD detected: The ugly duckling AI play: SONM and a potential $3... (score: 7)
2025-09-15 18:26:12,954 - __main__ - INFO - DD detected: $MPW - Huge Risks Priced In? Imminent Turn Around... (score: 8)
2025-09-15 18:26:18,967 - __main__ - INFO - DD detected: $TAIT a dividend paying microcap... (score: 7)
2025-09-15 18:26:20,968 - __main__ - INFO - DD detected: $ATCH about to fly... (score: 6)
2025-09-15 18:26:51,011 - __main__ - INFO - DD detected: Bitfarm is going to be mad fun !!!! Still alot of ... (score: 7)
2025-09-15 18:27:13,048 - __main__ - INFO - DD detected: Iterum therapeutics shareholders deny key proposal... (score: 11)
2025-09-15 18:27:15,054 - __main__ - INFO - DD detected: FBIO stock analysis 11/09... (score: 10)
2025-09-15 18:44:03,640 - database - INFO - Inserted 288 new mentions out of 288 attempted
2025-09-15 18:44:03,643 - __main__ - INFO - pennystocks: Inserted 288 mentions
2025-09-15 18:44:03,649 - database - INFO - Inserted DD post: MVST: Bulls are in control this week...
2025-09-15 18:44:03,649 - database - INFO - Inserted DD post: 🔥 $ATCH is heating up BIG TIME 🔥...
2025-09-15 18:44:03,652 - database - INFO - Inserted DD post: Why $SPRO Might Be One of the Safest Undervalued B...
2025-09-15 18:44:03,653 - database - INFO - Inserted DD post: $MYO poised for a strong recovery...
2025-09-15 18:44:03,654 - database - INFO - Inserted DD post: AtlasClear ($ATCH) — Breaking Down Subsidiary Prof...
2025-09-15 18:44:03,655 - database - INFO - Inserted DD post: New High Tide inc analyst and report with Buy Rati...
2025-09-15 18:44:03,657 - database - INFO - Inserted DD post: Why is no one talking about $GOSS?...
2025-09-15 18:44:03,658 - database - INFO - Inserted DD post: Nvni breakout...
2025-09-15 18:44:03,660 - database - INFO - Inserted DD post: The ugly duckling AI play: SONM and a potential $3...
2025-09-15 18:44:03,661 - database - INFO - Inserted DD post: $MPW - Huge Risks Priced In? Imminent Turn Around...
2025-09-15 18:44:03,662 - database - INFO - Inserted DD post: $TAIT a dividend paying microcap...
2025-09-15 18:44:03,663 - database - INFO - Inserted DD post: $ATCH about to fly...
2025-09-15 18:44:03,666 - database - INFO - Inserted DD post: Bitfarm is going to be mad fun !!!! Still alot of ...
2025-09-15 18:44:03,668 - database - INFO - Inserted DD post: Iterum therapeutics shareholders deny key proposal...
2025-09-15 18:44:03,669 - database - INFO - Inserted DD post: FBIO stock analysis 11/09...
2025-09-15 18:44:03,672 - __main__ - INFO - r/pennystocks completed: 100 posts, 500 comments, 288 mentions, 15 DD posts
2025-09-15 18:44:03,672 - __main__ - INFO - Processing r/wallstreetbets...
2025-09-15 18:45:56,988 - __main__ - INFO - DD detected: DCF is actually a valid methodology, and it's work... (score: 6)
